     1                                  ;; betterloop.asm
     2                                  extern printf	
     3                                  section .data
     4 00000000 00CA9A3B00000000        	number 	dq 1000000000
     5 00000008 5468652073756D2066-     	fmt	db "The sum from 0 to %ld is %ld",0x0a,0
     5 00000011 726F6D203020746F20-
     5 0000001A 256C6420697320256C-
     5 00000023 640A00             
     6                                  section .bss
     7                                  section .text
     8                                  	global main
     9                                  main:
    10 00000000 55                      	push rbp
    11 00000001 4889E5                  	mov rbp, rsp
    12                                  
    13 00000004 488B0C25[00000000]      	mov rcx, [number]	; initialize rcx with the number
    14 0000000C B800000000              	mov rax, 0		; sum will be in rax
    15                                  bloop:
    16 00000011 4801C8                  	add rax, rcx
    17 00000014 E2FB                    	loop bloop		; loop while decreasing rcx with 1
    18                                  	                        ; until rcx = 0
    19                                  
    20 00000016 48BF-                   	mov rdi, fmt
    20 00000018 [0800000000000000] 
    21 00000020 488B3425[00000000]      	mov rsi, [number]
    22 00000028 4889C2                  	mov rdx, rax
    23 0000002B B800000000              	mov rax, 0
    24 00000030 E8(00000000)            	call printf
    25                                  
    26 00000035 4889EC                  	mov rsp, rbp
    27 00000038 5D                      	pop rbp
    28                                  
    29 00000039 C3                      	ret
